[2021-04-11 08:07:56] local.ERROR: SQLSTATE[HY000] [2002] Connection refused {"exception":"[object] (Doctrine\\DBAL\\Driver\\PDO\\Exception(code: 2002): SQLSTATE[HY000] [2002] Connection refused at /home/ec2-user/www/shopypall_base/vendor/doctrine/dbal/lib/Doctrine/DBAL/Driver/PDO/Exception.php:18)
[stacktrace]
#0 /home/ec2-user/www/shopypall_base/vendor/doctrine/dbal/lib/Doctrine/DBAL/Driver/PDOConnection.php(43): Doctrine\\DBAL\\Driver\\PDO\\Exception::new(Object(PDOException))
#1 /home/ec2-user/www/shopypall_base/vendor/laravel/framework/src/Illuminate/Database/Connectors/Connector.php(67): Doctrine\\DBAL\\Driver\\PDOConnection->__construct('mysql:host=127....', 'shopypall', 'shopypall', Array)
#2 /home/ec2-user/www/shopypall_base/vendor/laravel/framework/src/Illuminate/Database/Connectors/Connector.php(100): Illuminate\\Database\\Connectors\\Connector->createPdoConnection('mysql:host=127....', 'shopypall', 'shopypall', Array)
#3 /home/ec2-user/www/shopypall_base/vendor/laravel/framework/src/Illuminate/Database/Connectors/Connector.php(50): Illuminate\\Database\\Connectors\\Connector->tryAgainIfCausedByLostConnection(Object(Doctrine\\DBAL\\Driver\\PDO\\Exception), 'mysql:host=127....', 'shopypall', 'shopypall', Array)
#4 /home/ec2-user/www/shopypall_base/vendor/laravel/framework/src/Illuminate/Database/Connectors/MySqlConnector.php(24): Illuminate\\Database\\Connectors\\Connector->createConnection('mysql:host=127....', Array, Array)
#5 /home/ec2-user/www/shopypall_base/vendor/laravel/framework/src/Illuminate/Database/Connectors/ConnectionFactory.php(182): Illuminate\\Database\\Connectors\\MySqlConnector->connect(Array)
#6 [internal function]: Illuminate\\Database\\Connectors\\ConnectionFactory->Illuminate\\Database\\Connectors\\{closure}()
#7 /home/ec2-user/www/shopypall_base/vendor/laravel/framework/src/Illuminate/Database/Connection.php(924): call_user_func(Object(Closure))
#8 /home/ec2-user/www/shopypall_base/vendor/laravel/framework/src/Illuminate/Database/Connection.php(906): Illuminate\\Database\\Connection->getPdo()
#9 /home/ec2-user/www/shopypall_base/vendor/laravel/framework/src/Illuminate/Database/Connection.php(892): Illuminate\\Database\\Connection->getDoctrineConnection()
#10 /home/ec2-user/www/shopypall_base/vendor/laravel/framework/src/Illuminate/Database/DatabaseManager.php(349): Illuminate\\Database\\Connection->getDoctrineSchemaManager()
#11 /home/ec2-user/www/shopypall_base/vendor/laravel/framework/src/Illuminate/Support/Facades/Facade.php(261): Illuminate\\Database\\DatabaseManager->__call('getDoctrineSche...', Array)
#12 /home/ec2-user/www/shopypall_base/vendor/joeyrush/better-migrate-seed/src/Commands/GenerateSeedersFromDatabase.php(53): Illuminate\\Support\\Facades\\Facade::__callStatic('getDoctrineSche...', Array)
#13 [internal function]: JoeyRush\\BetterMigrateSeed\\Commands\\GenerateSeedersFromDatabase->__construct()
#14 /home/ec2-user/www/shopypall_base/vendor/laravel/framework/src/Illuminate/Container/Container.php(843): ReflectionClass->newInstanceArgs(Array)
#15 /home/ec2-user/www/shopypall_base/vendor/laravel/framework/src/Illuminate/Container/Container.php(681): Illuminate\\Container\\Container->build('JoeyRush\\\\Better...')
#16 /home/ec2-user/www/shopypall_base/vendor/laravel/framework/src/Illuminate/Foundation/Application.php(785): Illuminate\\Container\\Container->resolve('JoeyRush\\\\Better...', Array, true)
#17 /home/ec2-user/www/shopypall_base/vendor/laravel/framework/src/Illuminate/Container/Container.php(629): Illuminate\\Foundation\\Application->resolve('JoeyRush\\\\Better...', Array)
#18 /home/ec2-user/www/shopypall_base/vendor/laravel/framework/src/Illuminate/Foundation/Application.php(770): Illuminate\\Container\\Container->make('JoeyRush\\\\Better...', Array)
#19 /home/ec2-user/www/shopypall_base/vendor/laravel/framework/src/Illuminate/Console/Application.php(261): Illuminate\\Foundation\\Application->make('JoeyRush\\\\Better...')
#20 /home/ec2-user/www/shopypall_base/vendor/laravel/framework/src/Illuminate/Console/Application.php(275): Illuminate\\Console\\Application->resolve('JoeyRush\\\\Better...')
#21 /home/ec2-user/www/shopypall_base/vendor/laravel/framework/src/Illuminate/Support/ServiceProvider.php(312): Illuminate\\Console\\Application->resolveCommands(Array)
#22 /home/ec2-user/www/shopypall_base/vendor/laravel/framework/src/Illuminate/Console/Application.php(152): Illuminate\\Support\\ServiceProvider->Illuminate\\Support\\{closure}(Object(Illuminate\\Console\\Application))
#23 /home/ec2-user/www/shopypall_base/vendor/laravel/framework/src/Illuminate/Console/Application.php(75): Illuminate\\Console\\Application->bootstrap()
#24 /home/ec2-user/www/shopypall_base/vendor/laravel/framework/src/Illuminate/Foundation/Console/Kernel.php(340): Illuminate\\Console\\Application->__construct(Object(Illuminate\\Foundation\\Application), Object(Illuminate\\Events\\Dispatcher), '6.20.22')
#25 /home/ec2-user/www/shopypall_base/vendor/laravel/framework/src/Illuminate/Foundation/Console/Kernel.php(131): Illuminate\\Foundation\\Console\\Kernel->getArtisan()
#26 /home/ec2-user/www/shopypall_base/artisan(37): Illuminate\\Foundation\\Console\\Kernel->handle(Object(Symfony\\Component\\Console\\Input\\ArgvInput), Object(Symfony\\Component\\Console\\Output\\ConsoleOutput))
#27 {main}

[previous exception] [object] (PDOException(code: 2002): SQLSTATE[HY000] [2002] Connection refused at /home/ec2-user/www/shopypall_base/vendor/doctrine/dbal/lib/Doctrine/DBAL/Driver/PDOConnection.php:39)
[stacktrace]
#0 /home/ec2-user/www/shopypall_base/vendor/doctrine/dbal/lib/Doctrine/DBAL/Driver/PDOConnection.php(39): PDO->__construct('mysql:host=127....', 'shopypall', 'shopypall', Array)
#1 /home/ec2-user/www/shopypall_base/vendor/laravel/framework/src/Illuminate/Database/Connectors/Connector.php(67): Doctrine\\DBAL\\Driver\\PDOConnection->__construct('mysql:host=127....', 'shopypall', 'shopypall', Array)
#2 /home/ec2-user/www/shopypall_base/vendor/laravel/framework/src/Illuminate/Database/Connectors/Connector.php(100): Illuminate\\Database\\Connectors\\Connector->createPdoConnection('mysql:host=127....', 'shopypall', 'shopypall', Array)
#3 /home/ec2-user/www/shopypall_base/vendor/laravel/framework/src/Illuminate/Database/Connectors/Connector.php(50): Illuminate\\Database\\Connectors\\Connector->tryAgainIfCausedByLostConnection(Object(Doctrine\\DBAL\\Driver\\PDO\\Exception), 'mysql:host=127....', 'shopypall', 'shopypall', Array)
#4 /home/ec2-user/www/shopypall_base/vendor/laravel/framework/src/Illuminate/Database/Connectors/MySqlConnector.php(24): Illuminate\\Database\\Connectors\\Connector->createConnection('mysql:host=127....', Array, Array)
#5 /home/ec2-user/www/shopypall_base/vendor/laravel/framework/src/Illuminate/Database/Connectors/ConnectionFactory.php(182): Illuminate\\Database\\Connectors\\MySqlConnector->connect(Array)
#6 [internal function]: Illuminate\\Database\\Connectors\\ConnectionFactory->Illuminate\\Database\\Connectors\\{closure}()
#7 /home/ec2-user/www/shopypall_base/vendor/laravel/framework/src/Illuminate/Database/Connection.php(924): call_user_func(Object(Closure))
#8 /home/ec2-user/www/shopypall_base/vendor/laravel/framework/src/Illuminate/Database/Connection.php(906): Illuminate\\Database\\Connection->getPdo()
#9 /home/ec2-user/www/shopypall_base/vendor/laravel/framework/src/Illuminate/Database/Connection.php(892): Illuminate\\Database\\Connection->getDoctrineConnection()
#10 /home/ec2-user/www/shopypall_base/vendor/laravel/framework/src/Illuminate/Database/DatabaseManager.php(349): Illuminate\\Database\\Connection->getDoctrineSchemaManager()
#11 /home/ec2-user/www/shopypall_base/vendor/laravel/framework/src/Illuminate/Support/Facades/Facade.php(261): Illuminate\\Database\\DatabaseManager->__call('getDoctrineSche...', Array)
#12 /home/ec2-user/www/shopypall_base/vendor/joeyrush/better-migrate-seed/src/Commands/GenerateSeedersFromDatabase.php(53): Illuminate\\Support\\Facades\\Facade::__callStatic('getDoctrineSche...', Array)
#13 [internal function]: JoeyRush\\BetterMigrateSeed\\Commands\\GenerateSeedersFromDatabase->__construct()
#14 /home/ec2-user/www/shopypall_base/vendor/laravel/framework/src/Illuminate/Container/Container.php(843): ReflectionClass->newInstanceArgs(Array)
#15 /home/ec2-user/www/shopypall_base/vendor/laravel/framework/src/Illuminate/Container/Container.php(681): Illuminate\\Container\\Container->build('JoeyRush\\\\Better...')
#16 /home/ec2-user/www/shopypall_base/vendor/laravel/framework/src/Illuminate/Foundation/Application.php(785): Illuminate\\Container\\Container->resolve('JoeyRush\\\\Better...', Array, true)
#17 /home/ec2-user/www/shopypall_base/vendor/laravel/framework/src/Illuminate/Container/Container.php(629): Illuminate\\Foundation\\Application->resolve('JoeyRush\\\\Better...', Array)
#18 /home/ec2-user/www/shopypall_base/vendor/laravel/framework/src/Illuminate/Foundation/Application.php(770): Illuminate\\Container\\Container->make('JoeyRush\\\\Better...', Array)
#19 /home/ec2-user/www/shopypall_base/vendor/laravel/framework/src/Illuminate/Console/Application.php(261): Illuminate\\Foundation\\Application->make('JoeyRush\\\\Better...')
#20 /home/ec2-user/www/shopypall_base/vendor/laravel/framework/src/Illuminate/Console/Application.php(275): Illuminate\\Console\\Application->resolve('JoeyRush\\\\Better...')
#21 /home/ec2-user/www/shopypall_base/vendor/laravel/framework/src/Illuminate/Support/ServiceProvider.php(312): Illuminate\\Console\\Application->resolveCommands(Array)
#22 /home/ec2-user/www/shopypall_base/vendor/laravel/framework/src/Illuminate/Console/Application.php(152): Illuminate\\Support\\ServiceProvider->Illuminate\\Support\\{closure}(Object(Illuminate\\Console\\Application))
#23 /home/ec2-user/www/shopypall_base/vendor/laravel/framework/src/Illuminate/Console/Application.php(75): Illuminate\\Console\\Application->bootstrap()
#24 /home/ec2-user/www/shopypall_base/vendor/laravel/framework/src/Illuminate/Foundation/Console/Kernel.php(340): Illuminate\\Console\\Application->__construct(Object(Illuminate\\Foundation\\Application), Object(Illuminate\\Events\\Dispatcher), '6.20.22')
#25 /home/ec2-user/www/shopypall_base/vendor/laravel/framework/src/Illuminate/Foundation/Console/Kernel.php(131): Illuminate\\Foundation\\Console\\Kernel->getArtisan()
#26 /home/ec2-user/www/shopypall_base/artisan(37): Illuminate\\Foundation\\Console\\Kernel->handle(Object(Symfony\\Component\\Console\\Input\\ArgvInput), Object(Symfony\\Component\\Console\\Output\\ConsoleOutput))
#27 {main}
"} 
[2021-04-12 09:41:24] local.ERROR: SQLSTATE[HY000] [2002] Connection refused {"exception":"[object] (Doctrine\\DBAL\\Driver\\PDO\\Exception(code: 2002): SQLSTATE[HY000] [2002] Connection refused at /home/ec2-user/www/shopypall_base/vendor/doctrine/dbal/lib/Doctrine/DBAL/Driver/PDO/Exception.php:18)
[stacktrace]
#0 /home/ec2-user/www/shopypall_base/vendor/doctrine/dbal/lib/Doctrine/DBAL/Driver/PDOConnection.php(43): Doctrine\\DBAL\\Driver\\PDO\\Exception::new(Object(PDOException))
#1 /home/ec2-user/www/shopypall_base/vendor/laravel/framework/src/Illuminate/Database/Connectors/Connector.php(67): Doctrine\\DBAL\\Driver\\PDOConnection->__construct('mysql:host=127....', 'shopypall', 'shopypall', Array)
#2 /home/ec2-user/www/shopypall_base/vendor/laravel/framework/src/Illuminate/Database/Connectors/Connector.php(100): Illuminate\\Database\\Connectors\\Connector->createPdoConnection('mysql:host=127....', 'shopypall', 'shopypall', Array)
#3 /home/ec2-user/www/shopypall_base/vendor/laravel/framework/src/Illuminate/Database/Connectors/Connector.php(50): Illuminate\\Database\\Connectors\\Connector->tryAgainIfCausedByLostConnection(Object(Doctrine\\DBAL\\Driver\\PDO\\Exception), 'mysql:host=127....', 'shopypall', 'shopypall', Array)
#4 /home/ec2-user/www/shopypall_base/vendor/laravel/framework/src/Illuminate/Database/Connectors/MySqlConnector.php(24): Illuminate\\Database\\Connectors\\Connector->createConnection('mysql:host=127....', Array, Array)
#5 /home/ec2-user/www/shopypall_base/vendor/laravel/framework/src/Illuminate/Database/Connectors/ConnectionFactory.php(182): Illuminate\\Database\\Connectors\\MySqlConnector->connect(Array)
#6 [internal function]: Illuminate\\Database\\Connectors\\ConnectionFactory->Illuminate\\Database\\Connectors\\{closure}()
#7 /home/ec2-user/www/shopypall_base/vendor/laravel/framework/src/Illuminate/Database/Connection.php(924): call_user_func(Object(Closure))
#8 /home/ec2-user/www/shopypall_base/vendor/laravel/framework/src/Illuminate/Database/Connection.php(906): Illuminate\\Database\\Connection->getPdo()
#9 /home/ec2-user/www/shopypall_base/vendor/laravel/framework/src/Illuminate/Database/Connection.php(892): Illuminate\\Database\\Connection->getDoctrineConnection()
#10 /home/ec2-user/www/shopypall_base/vendor/laravel/framework/src/Illuminate/Database/DatabaseManager.php(349): Illuminate\\Database\\Connection->getDoctrineSchemaManager()
#11 /home/ec2-user/www/shopypall_base/vendor/laravel/framework/src/Illuminate/Support/Facades/Facade.php(261): Illuminate\\Database\\DatabaseManager->__call('getDoctrineSche...', Array)
#12 /home/ec2-user/www/shopypall_base/vendor/joeyrush/better-migrate-seed/src/Commands/GenerateSeedersFromDatabase.php(53): Illuminate\\Support\\Facades\\Facade::__callStatic('getDoctrineSche...', Array)
#13 [internal function]: JoeyRush\\BetterMigrateSeed\\Commands\\GenerateSeedersFromDatabase->__construct()
#14 /home/ec2-user/www/shopypall_base/vendor/laravel/framework/src/Illuminate/Container/Container.php(843): ReflectionClass->newInstanceArgs(Array)
#15 /home/ec2-user/www/shopypall_base/vendor/laravel/framework/src/Illuminate/Container/Container.php(681): Illuminate\\Container\\Container->build('JoeyRush\\\\Better...')
#16 /home/ec2-user/www/shopypall_base/vendor/laravel/framework/src/Illuminate/Foundation/Application.php(785): Illuminate\\Container\\Container->resolve('JoeyRush\\\\Better...', Array, true)
#17 /home/ec2-user/www/shopypall_base/vendor/laravel/framework/src/Illuminate/Container/Container.php(629): Illuminate\\Foundation\\Application->resolve('JoeyRush\\\\Better...', Array)
#18 /home/ec2-user/www/shopypall_base/vendor/laravel/framework/src/Illuminate/Foundation/Application.php(770): Illuminate\\Container\\Container->make('JoeyRush\\\\Better...', Array)
#19 /home/ec2-user/www/shopypall_base/vendor/laravel/framework/src/Illuminate/Console/Application.php(261): Illuminate\\Foundation\\Application->make('JoeyRush\\\\Better...')
#20 /home/ec2-user/www/shopypall_base/vendor/laravel/framework/src/Illuminate/Console/Application.php(275): Illuminate\\Console\\Application->resolve('JoeyRush\\\\Better...')
#21 /home/ec2-user/www/shopypall_base/vendor/laravel/framework/src/Illuminate/Support/ServiceProvider.php(312): Illuminate\\Console\\Application->resolveCommands(Array)
#22 /home/ec2-user/www/shopypall_base/vendor/laravel/framework/src/Illuminate/Console/Application.php(152): Illuminate\\Support\\ServiceProvider->Illuminate\\Support\\{closure}(Object(Illuminate\\Console\\Application))
#23 /home/ec2-user/www/shopypall_base/vendor/laravel/framework/src/Illuminate/Console/Application.php(75): Illuminate\\Console\\Application->bootstrap()
#24 /home/ec2-user/www/shopypall_base/vendor/laravel/framework/src/Illuminate/Foundation/Console/Kernel.php(340): Illuminate\\Console\\Application->__construct(Object(Illuminate\\Foundation\\Application), Object(Illuminate\\Events\\Dispatcher), '6.20.22')
#25 /home/ec2-user/www/shopypall_base/vendor/laravel/framework/src/Illuminate/Foundation/Console/Kernel.php(131): Illuminate\\Foundation\\Console\\Kernel->getArtisan()
#26 /home/ec2-user/www/shopypall_base/artisan(37): Illuminate\\Foundation\\Console\\Kernel->handle(Object(Symfony\\Component\\Console\\Input\\ArgvInput), Object(Symfony\\Component\\Console\\Output\\ConsoleOutput))
#27 {main}

[previous exception] [object] (PDOException(code: 2002): SQLSTATE[HY000] [2002] Connection refused at /home/ec2-user/www/shopypall_base/vendor/doctrine/dbal/lib/Doctrine/DBAL/Driver/PDOConnection.php:39)
[stacktrace]
#0 /home/ec2-user/www/shopypall_base/vendor/doctrine/dbal/lib/Doctrine/DBAL/Driver/PDOConnection.php(39): PDO->__construct('mysql:host=127....', 'shopypall', 'shopypall', Array)
#1 /home/ec2-user/www/shopypall_base/vendor/laravel/framework/src/Illuminate/Database/Connectors/Connector.php(67): Doctrine\\DBAL\\Driver\\PDOConnection->__construct('mysql:host=127....', 'shopypall', 'shopypall', Array)
#2 /home/ec2-user/www/shopypall_base/vendor/laravel/framework/src/Illuminate/Database/Connectors/Connector.php(100): Illuminate\\Database\\Connectors\\Connector->createPdoConnection('mysql:host=127....', 'shopypall', 'shopypall', Array)
#3 /home/ec2-user/www/shopypall_base/vendor/laravel/framework/src/Illuminate/Database/Connectors/Connector.php(50): Illuminate\\Database\\Connectors\\Connector->tryAgainIfCausedByLostConnection(Object(Doctrine\\DBAL\\Driver\\PDO\\Exception), 'mysql:host=127....', 'shopypall', 'shopypall', Array)
#4 /home/ec2-user/www/shopypall_base/vendor/laravel/framework/src/Illuminate/Database/Connectors/MySqlConnector.php(24): Illuminate\\Database\\Connectors\\Connector->createConnection('mysql:host=127....', Array, Array)
#5 /home/ec2-user/www/shopypall_base/vendor/laravel/framework/src/Illuminate/Database/Connectors/ConnectionFactory.php(182): Illuminate\\Database\\Connectors\\MySqlConnector->connect(Array)
#6 [internal function]: Illuminate\\Database\\Connectors\\ConnectionFactory->Illuminate\\Database\\Connectors\\{closure}()
#7 /home/ec2-user/www/shopypall_base/vendor/laravel/framework/src/Illuminate/Database/Connection.php(924): call_user_func(Object(Closure))
#8 /home/ec2-user/www/shopypall_base/vendor/laravel/framework/src/Illuminate/Database/Connection.php(906): Illuminate\\Database\\Connection->getPdo()
#9 /home/ec2-user/www/shopypall_base/vendor/laravel/framework/src/Illuminate/Database/Connection.php(892): Illuminate\\Database\\Connection->getDoctrineConnection()
#10 /home/ec2-user/www/shopypall_base/vendor/laravel/framework/src/Illuminate/Database/DatabaseManager.php(349): Illuminate\\Database\\Connection->getDoctrineSchemaManager()
#11 /home/ec2-user/www/shopypall_base/vendor/laravel/framework/src/Illuminate/Support/Facades/Facade.php(261): Illuminate\\Database\\DatabaseManager->__call('getDoctrineSche...', Array)
#12 /home/ec2-user/www/shopypall_base/vendor/joeyrush/better-migrate-seed/src/Commands/GenerateSeedersFromDatabase.php(53): Illuminate\\Support\\Facades\\Facade::__callStatic('getDoctrineSche...', Array)
#13 [internal function]: JoeyRush\\BetterMigrateSeed\\Commands\\GenerateSeedersFromDatabase->__construct()
#14 /home/ec2-user/www/shopypall_base/vendor/laravel/framework/src/Illuminate/Container/Container.php(843): ReflectionClass->newInstanceArgs(Array)
#15 /home/ec2-user/www/shopypall_base/vendor/laravel/framework/src/Illuminate/Container/Container.php(681): Illuminate\\Container\\Container->build('JoeyRush\\\\Better...')
#16 /home/ec2-user/www/shopypall_base/vendor/laravel/framework/src/Illuminate/Foundation/Application.php(785): Illuminate\\Container\\Container->resolve('JoeyRush\\\\Better...', Array, true)
#17 /home/ec2-user/www/shopypall_base/vendor/laravel/framework/src/Illuminate/Container/Container.php(629): Illuminate\\Foundation\\Application->resolve('JoeyRush\\\\Better...', Array)
#18 /home/ec2-user/www/shopypall_base/vendor/laravel/framework/src/Illuminate/Foundation/Application.php(770): Illuminate\\Container\\Container->make('JoeyRush\\\\Better...', Array)
#19 /home/ec2-user/www/shopypall_base/vendor/laravel/framework/src/Illuminate/Console/Application.php(261): Illuminate\\Foundation\\Application->make('JoeyRush\\\\Better...')
#20 /home/ec2-user/www/shopypall_base/vendor/laravel/framework/src/Illuminate/Console/Application.php(275): Illuminate\\Console\\Application->resolve('JoeyRush\\\\Better...')
#21 /home/ec2-user/www/shopypall_base/vendor/laravel/framework/src/Illuminate/Support/ServiceProvider.php(312): Illuminate\\Console\\Application->resolveCommands(Array)
#22 /home/ec2-user/www/shopypall_base/vendor/laravel/framework/src/Illuminate/Console/Application.php(152): Illuminate\\Support\\ServiceProvider->Illuminate\\Support\\{closure}(Object(Illuminate\\Console\\Application))
#23 /home/ec2-user/www/shopypall_base/vendor/laravel/framework/src/Illuminate/Console/Application.php(75): Illuminate\\Console\\Application->bootstrap()
#24 /home/ec2-user/www/shopypall_base/vendor/laravel/framework/src/Illuminate/Foundation/Console/Kernel.php(340): Illuminate\\Console\\Application->__construct(Object(Illuminate\\Foundation\\Application), Object(Illuminate\\Events\\Dispatcher), '6.20.22')
#25 /home/ec2-user/www/shopypall_base/vendor/laravel/framework/src/Illuminate/Foundation/Console/Kernel.php(131): Illuminate\\Foundation\\Console\\Kernel->getArtisan()
#26 /home/ec2-user/www/shopypall_base/artisan(37): Illuminate\\Foundation\\Console\\Kernel->handle(Object(Symfony\\Component\\Console\\Input\\ArgvInput), Object(Symfony\\Component\\Console\\Output\\ConsoleOutput))
#27 {main}
"} 
[2021-04-12 09:43:49] local.ERROR: SQLSTATE[HY000] [2002] Connection refused {"exception":"[object] (Doctrine\\DBAL\\Driver\\PDO\\Exception(code: 2002): SQLSTATE[HY000] [2002] Connection refused at /home/ec2-user/www/shopypall_base/vendor/doctrine/dbal/lib/Doctrine/DBAL/Driver/PDO/Exception.php:18)
[stacktrace]
#0 /home/ec2-user/www/shopypall_base/vendor/doctrine/dbal/lib/Doctrine/DBAL/Driver/PDOConnection.php(43): Doctrine\\DBAL\\Driver\\PDO\\Exception::new(Object(PDOException))
#1 /home/ec2-user/www/shopypall_base/vendor/laravel/framework/src/Illuminate/Database/Connectors/Connector.php(67): Doctrine\\DBAL\\Driver\\PDOConnection->__construct('mysql:host=127....', 'shopypall', 'shopypall', Array)
#2 /home/ec2-user/www/shopypall_base/vendor/laravel/framework/src/Illuminate/Database/Connectors/Connector.php(100): Illuminate\\Database\\Connectors\\Connector->createPdoConnection('mysql:host=127....', 'shopypall', 'shopypall', Array)
#3 /home/ec2-user/www/shopypall_base/vendor/laravel/framework/src/Illuminate/Database/Connectors/Connector.php(50): Illuminate\\Database\\Connectors\\Connector->tryAgainIfCausedByLostConnection(Object(Doctrine\\DBAL\\Driver\\PDO\\Exception), 'mysql:host=127....', 'shopypall', 'shopypall', Array)
#4 /home/ec2-user/www/shopypall_base/vendor/laravel/framework/src/Illuminate/Database/Connectors/MySqlConnector.php(24): Illuminate\\Database\\Connectors\\Connector->createConnection('mysql:host=127....', Array, Array)
#5 /home/ec2-user/www/shopypall_base/vendor/laravel/framework/src/Illuminate/Database/Connectors/ConnectionFactory.php(182): Illuminate\\Database\\Connectors\\MySqlConnector->connect(Array)
#6 [internal function]: Illuminate\\Database\\Connectors\\ConnectionFactory->Illuminate\\Database\\Connectors\\{closure}()
#7 /home/ec2-user/www/shopypall_base/vendor/laravel/framework/src/Illuminate/Database/Connection.php(924): call_user_func(Object(Closure))
#8 /home/ec2-user/www/shopypall_base/vendor/laravel/framework/src/Illuminate/Database/Connection.php(906): Illuminate\\Database\\Connection->getPdo()
#9 /home/ec2-user/www/shopypall_base/vendor/laravel/framework/src/Illuminate/Database/Connection.php(892): Illuminate\\Database\\Connection->getDoctrineConnection()
#10 /home/ec2-user/www/shopypall_base/vendor/laravel/framework/src/Illuminate/Database/DatabaseManager.php(349): Illuminate\\Database\\Connection->getDoctrineSchemaManager()
#11 /home/ec2-user/www/shopypall_base/vendor/laravel/framework/src/Illuminate/Support/Facades/Facade.php(261): Illuminate\\Database\\DatabaseManager->__call('getDoctrineSche...', Array)
#12 /home/ec2-user/www/shopypall_base/vendor/joeyrush/better-migrate-seed/src/Commands/GenerateSeedersFromDatabase.php(53): Illuminate\\Support\\Facades\\Facade::__callStatic('getDoctrineSche...', Array)
#13 [internal function]: JoeyRush\\BetterMigrateSeed\\Commands\\GenerateSeedersFromDatabase->__construct()
#14 /home/ec2-user/www/shopypall_base/vendor/laravel/framework/src/Illuminate/Container/Container.php(843): ReflectionClass->newInstanceArgs(Array)
#15 /home/ec2-user/www/shopypall_base/vendor/laravel/framework/src/Illuminate/Container/Container.php(681): Illuminate\\Container\\Container->build('JoeyRush\\\\Better...')
#16 /home/ec2-user/www/shopypall_base/vendor/laravel/framework/src/Illuminate/Foundation/Application.php(785): Illuminate\\Container\\Container->resolve('JoeyRush\\\\Better...', Array, true)
#17 /home/ec2-user/www/shopypall_base/vendor/laravel/framework/src/Illuminate/Container/Container.php(629): Illuminate\\Foundation\\Application->resolve('JoeyRush\\\\Better...', Array)
#18 /home/ec2-user/www/shopypall_base/vendor/laravel/framework/src/Illuminate/Foundation/Application.php(770): Illuminate\\Container\\Container->make('JoeyRush\\\\Better...', Array)
#19 /home/ec2-user/www/shopypall_base/vendor/laravel/framework/src/Illuminate/Console/Application.php(261): Illuminate\\Foundation\\Application->make('JoeyRush\\\\Better...')
#20 /home/ec2-user/www/shopypall_base/vendor/laravel/framework/src/Illuminate/Console/Application.php(275): Illuminate\\Console\\Application->resolve('JoeyRush\\\\Better...')
#21 /home/ec2-user/www/shopypall_base/vendor/laravel/framework/src/Illuminate/Support/ServiceProvider.php(312): Illuminate\\Console\\Application->resolveCommands(Array)
#22 /home/ec2-user/www/shopypall_base/vendor/laravel/framework/src/Illuminate/Console/Application.php(152): Illuminate\\Support\\ServiceProvider->Illuminate\\Support\\{closure}(Object(Illuminate\\Console\\Application))
#23 /home/ec2-user/www/shopypall_base/vendor/laravel/framework/src/Illuminate/Console/Application.php(75): Illuminate\\Console\\Application->bootstrap()
#24 /home/ec2-user/www/shopypall_base/vendor/laravel/framework/src/Illuminate/Foundation/Console/Kernel.php(340): Illuminate\\Console\\Application->__construct(Object(Illuminate\\Foundation\\Application), Object(Illuminate\\Events\\Dispatcher), '6.20.22')
#25 /home/ec2-user/www/shopypall_base/vendor/laravel/framework/src/Illuminate/Foundation/Console/Kernel.php(131): Illuminate\\Foundation\\Console\\Kernel->getArtisan()
#26 /home/ec2-user/www/shopypall_base/artisan(37): Illuminate\\Foundation\\Console\\Kernel->handle(Object(Symfony\\Component\\Console\\Input\\ArgvInput), Object(Symfony\\Component\\Console\\Output\\ConsoleOutput))
#27 {main}

[previous exception] [object] (PDOException(code: 2002): SQLSTATE[HY000] [2002] Connection refused at /home/ec2-user/www/shopypall_base/vendor/doctrine/dbal/lib/Doctrine/DBAL/Driver/PDOConnection.php:39)
[stacktrace]
#0 /home/ec2-user/www/shopypall_base/vendor/doctrine/dbal/lib/Doctrine/DBAL/Driver/PDOConnection.php(39): PDO->__construct('mysql:host=127....', 'shopypall', 'shopypall', Array)
#1 /home/ec2-user/www/shopypall_base/vendor/laravel/framework/src/Illuminate/Database/Connectors/Connector.php(67): Doctrine\\DBAL\\Driver\\PDOConnection->__construct('mysql:host=127....', 'shopypall', 'shopypall', Array)
#2 /home/ec2-user/www/shopypall_base/vendor/laravel/framework/src/Illuminate/Database/Connectors/Connector.php(100): Illuminate\\Database\\Connectors\\Connector->createPdoConnection('mysql:host=127....', 'shopypall', 'shopypall', Array)
#3 /home/ec2-user/www/shopypall_base/vendor/laravel/framework/src/Illuminate/Database/Connectors/Connector.php(50): Illuminate\\Database\\Connectors\\Connector->tryAgainIfCausedByLostConnection(Object(Doctrine\\DBAL\\Driver\\PDO\\Exception), 'mysql:host=127....', 'shopypall', 'shopypall', Array)
#4 /home/ec2-user/www/shopypall_base/vendor/laravel/framework/src/Illuminate/Database/Connectors/MySqlConnector.php(24): Illuminate\\Database\\Connectors\\Connector->createConnection('mysql:host=127....', Array, Array)
#5 /home/ec2-user/www/shopypall_base/vendor/laravel/framework/src/Illuminate/Database/Connectors/ConnectionFactory.php(182): Illuminate\\Database\\Connectors\\MySqlConnector->connect(Array)
#6 [internal function]: Illuminate\\Database\\Connectors\\ConnectionFactory->Illuminate\\Database\\Connectors\\{closure}()
#7 /home/ec2-user/www/shopypall_base/vendor/laravel/framework/src/Illuminate/Database/Connection.php(924): call_user_func(Object(Closure))
#8 /home/ec2-user/www/shopypall_base/vendor/laravel/framework/src/Illuminate/Database/Connection.php(906): Illuminate\\Database\\Connection->getPdo()
#9 /home/ec2-user/www/shopypall_base/vendor/laravel/framework/src/Illuminate/Database/Connection.php(892): Illuminate\\Database\\Connection->getDoctrineConnection()
#10 /home/ec2-user/www/shopypall_base/vendor/laravel/framework/src/Illuminate/Database/DatabaseManager.php(349): Illuminate\\Database\\Connection->getDoctrineSchemaManager()
#11 /home/ec2-user/www/shopypall_base/vendor/laravel/framework/src/Illuminate/Support/Facades/Facade.php(261): Illuminate\\Database\\DatabaseManager->__call('getDoctrineSche...', Array)
#12 /home/ec2-user/www/shopypall_base/vendor/joeyrush/better-migrate-seed/src/Commands/GenerateSeedersFromDatabase.php(53): Illuminate\\Support\\Facades\\Facade::__callStatic('getDoctrineSche...', Array)
#13 [internal function]: JoeyRush\\BetterMigrateSeed\\Commands\\GenerateSeedersFromDatabase->__construct()
#14 /home/ec2-user/www/shopypall_base/vendor/laravel/framework/src/Illuminate/Container/Container.php(843): ReflectionClass->newInstanceArgs(Array)
#15 /home/ec2-user/www/shopypall_base/vendor/laravel/framework/src/Illuminate/Container/Container.php(681): Illuminate\\Container\\Container->build('JoeyRush\\\\Better...')
#16 /home/ec2-user/www/shopypall_base/vendor/laravel/framework/src/Illuminate/Foundation/Application.php(785): Illuminate\\Container\\Container->resolve('JoeyRush\\\\Better...', Array, true)
#17 /home/ec2-user/www/shopypall_base/vendor/laravel/framework/src/Illuminate/Container/Container.php(629): Illuminate\\Foundation\\Application->resolve('JoeyRush\\\\Better...', Array)
#18 /home/ec2-user/www/shopypall_base/vendor/laravel/framework/src/Illuminate/Foundation/Application.php(770): Illuminate\\Container\\Container->make('JoeyRush\\\\Better...', Array)
#19 /home/ec2-user/www/shopypall_base/vendor/laravel/framework/src/Illuminate/Console/Application.php(261): Illuminate\\Foundation\\Application->make('JoeyRush\\\\Better...')
#20 /home/ec2-user/www/shopypall_base/vendor/laravel/framework/src/Illuminate/Console/Application.php(275): Illuminate\\Console\\Application->resolve('JoeyRush\\\\Better...')
#21 /home/ec2-user/www/shopypall_base/vendor/laravel/framework/src/Illuminate/Support/ServiceProvider.php(312): Illuminate\\Console\\Application->resolveCommands(Array)
#22 /home/ec2-user/www/shopypall_base/vendor/laravel/framework/src/Illuminate/Console/Application.php(152): Illuminate\\Support\\ServiceProvider->Illuminate\\Support\\{closure}(Object(Illuminate\\Console\\Application))
#23 /home/ec2-user/www/shopypall_base/vendor/laravel/framework/src/Illuminate/Console/Application.php(75): Illuminate\\Console\\Application->bootstrap()
#24 /home/ec2-user/www/shopypall_base/vendor/laravel/framework/src/Illuminate/Foundation/Console/Kernel.php(340): Illuminate\\Console\\Application->__construct(Object(Illuminate\\Foundation\\Application), Object(Illuminate\\Events\\Dispatcher), '6.20.22')
#25 /home/ec2-user/www/shopypall_base/vendor/laravel/framework/src/Illuminate/Foundation/Console/Kernel.php(131): Illuminate\\Foundation\\Console\\Kernel->getArtisan()
#26 /home/ec2-user/www/shopypall_base/artisan(37): Illuminate\\Foundation\\Console\\Kernel->handle(Object(Symfony\\Component\\Console\\Input\\ArgvInput), Object(Symfony\\Component\\Console\\Output\\ConsoleOutput))
#27 {main}
"} 
[2021-04-12 09:45:33] local.ERROR: SQLSTATE[HY000] [2002] Connection refused {"exception":"[object] (Doctrine\\DBAL\\Driver\\PDO\\Exception(code: 2002): SQLSTATE[HY000] [2002] Connection refused at /home/ec2-user/www/shopypall_base/vendor/doctrine/dbal/lib/Doctrine/DBAL/Driver/PDO/Exception.php:18)
[stacktrace]
#0 /home/ec2-user/www/shopypall_base/vendor/doctrine/dbal/lib/Doctrine/DBAL/Driver/PDOConnection.php(43): Doctrine\\DBAL\\Driver\\PDO\\Exception::new(Object(PDOException))
#1 /home/ec2-user/www/shopypall_base/vendor/laravel/framework/src/Illuminate/Database/Connectors/Connector.php(67): Doctrine\\DBAL\\Driver\\PDOConnection->__construct('mysql:host=127....', 'shopypall', 'shopypall', Array)
#2 /home/ec2-user/www/shopypall_base/vendor/laravel/framework/src/Illuminate/Database/Connectors/Connector.php(100): Illuminate\\Database\\Connectors\\Connector->createPdoConnection('mysql:host=127....', 'shopypall', 'shopypall', Array)
#3 /home/ec2-user/www/shopypall_base/vendor/laravel/framework/src/Illuminate/Database/Connectors/Connector.php(50): Illuminate\\Database\\Connectors\\Connector->tryAgainIfCausedByLostConnection(Object(Doctrine\\DBAL\\Driver\\PDO\\Exception), 'mysql:host=127....', 'shopypall', 'shopypall', Array)
#4 /home/ec2-user/www/shopypall_base/vendor/laravel/framework/src/Illuminate/Database/Connectors/MySqlConnector.php(24): Illuminate\\Database\\Connectors\\Connector->createConnection('mysql:host=127....', Array, Array)
#5 /home/ec2-user/www/shopypall_base/vendor/laravel/framework/src/Illuminate/Database/Connectors/ConnectionFactory.php(182): Illuminate\\Database\\Connectors\\MySqlConnector->connect(Array)
#6 [internal function]: Illuminate\\Database\\Connectors\\ConnectionFactory->Illuminate\\Database\\Connectors\\{closure}()
#7 /home/ec2-user/www/shopypall_base/vendor/laravel/framework/src/Illuminate/Database/Connection.php(924): call_user_func(Object(Closure))
#8 /home/ec2-user/www/shopypall_base/vendor/laravel/framework/src/Illuminate/Database/Connection.php(906): Illuminate\\Database\\Connection->getPdo()
#9 /home/ec2-user/www/shopypall_base/vendor/laravel/framework/src/Illuminate/Database/Connection.php(892): Illuminate\\Database\\Connection->getDoctrineConnection()
#10 /home/ec2-user/www/shopypall_base/vendor/laravel/framework/src/Illuminate/Database/DatabaseManager.php(349): Illuminate\\Database\\Connection->getDoctrineSchemaManager()
#11 /home/ec2-user/www/shopypall_base/vendor/laravel/framework/src/Illuminate/Support/Facades/Facade.php(261): Illuminate\\Database\\DatabaseManager->__call('getDoctrineSche...', Array)
#12 /home/ec2-user/www/shopypall_base/vendor/joeyrush/better-migrate-seed/src/Commands/GenerateSeedersFromDatabase.php(53): Illuminate\\Support\\Facades\\Facade::__callStatic('getDoctrineSche...', Array)
#13 [internal function]: JoeyRush\\BetterMigrateSeed\\Commands\\GenerateSeedersFromDatabase->__construct()
#14 /home/ec2-user/www/shopypall_base/vendor/laravel/framework/src/Illuminate/Container/Container.php(843): ReflectionClass->newInstanceArgs(Array)
#15 /home/ec2-user/www/shopypall_base/vendor/laravel/framework/src/Illuminate/Container/Container.php(681): Illuminate\\Container\\Container->build('JoeyRush\\\\Better...')
#16 /home/ec2-user/www/shopypall_base/vendor/laravel/framework/src/Illuminate/Foundation/Application.php(785): Illuminate\\Container\\Container->resolve('JoeyRush\\\\Better...', Array, true)
#17 /home/ec2-user/www/shopypall_base/vendor/laravel/framework/src/Illuminate/Container/Container.php(629): Illuminate\\Foundation\\Application->resolve('JoeyRush\\\\Better...', Array)
#18 /home/ec2-user/www/shopypall_base/vendor/laravel/framework/src/Illuminate/Foundation/Application.php(770): Illuminate\\Container\\Container->make('JoeyRush\\\\Better...', Array)
#19 /home/ec2-user/www/shopypall_base/vendor/laravel/framework/src/Illuminate/Console/Application.php(261): Illuminate\\Foundation\\Application->make('JoeyRush\\\\Better...')
#20 /home/ec2-user/www/shopypall_base/vendor/laravel/framework/src/Illuminate/Console/Application.php(275): Illuminate\\Console\\Application->resolve('JoeyRush\\\\Better...')
#21 /home/ec2-user/www/shopypall_base/vendor/laravel/framework/src/Illuminate/Support/ServiceProvider.php(312): Illuminate\\Console\\Application->resolveCommands(Array)
#22 /home/ec2-user/www/shopypall_base/vendor/laravel/framework/src/Illuminate/Console/Application.php(152): Illuminate\\Support\\ServiceProvider->Illuminate\\Support\\{closure}(Object(Illuminate\\Console\\Application))
#23 /home/ec2-user/www/shopypall_base/vendor/laravel/framework/src/Illuminate/Console/Application.php(75): Illuminate\\Console\\Application->bootstrap()
#24 /home/ec2-user/www/shopypall_base/vendor/laravel/framework/src/Illuminate/Foundation/Console/Kernel.php(340): Illuminate\\Console\\Application->__construct(Object(Illuminate\\Foundation\\Application), Object(Illuminate\\Events\\Dispatcher), '6.20.22')
#25 /home/ec2-user/www/shopypall_base/vendor/laravel/framework/src/Illuminate/Foundation/Console/Kernel.php(131): Illuminate\\Foundation\\Console\\Kernel->getArtisan()
#26 /home/ec2-user/www/shopypall_base/artisan(37): Illuminate\\Foundation\\Console\\Kernel->handle(Object(Symfony\\Component\\Console\\Input\\ArgvInput), Object(Symfony\\Component\\Console\\Output\\ConsoleOutput))
#27 {main}

[previous exception] [object] (PDOException(code: 2002): SQLSTATE[HY000] [2002] Connection refused at /home/ec2-user/www/shopypall_base/vendor/doctrine/dbal/lib/Doctrine/DBAL/Driver/PDOConnection.php:39)
[stacktrace]
#0 /home/ec2-user/www/shopypall_base/vendor/doctrine/dbal/lib/Doctrine/DBAL/Driver/PDOConnection.php(39): PDO->__construct('mysql:host=127....', 'shopypall', 'shopypall', Array)
#1 /home/ec2-user/www/shopypall_base/vendor/laravel/framework/src/Illuminate/Database/Connectors/Connector.php(67): Doctrine\\DBAL\\Driver\\PDOConnection->__construct('mysql:host=127....', 'shopypall', 'shopypall', Array)
#2 /home/ec2-user/www/shopypall_base/vendor/laravel/framework/src/Illuminate/Database/Connectors/Connector.php(100): Illuminate\\Database\\Connectors\\Connector->createPdoConnection('mysql:host=127....', 'shopypall', 'shopypall', Array)
#3 /home/ec2-user/www/shopypall_base/vendor/laravel/framework/src/Illuminate/Database/Connectors/Connector.php(50): Illuminate\\Database\\Connectors\\Connector->tryAgainIfCausedByLostConnection(Object(Doctrine\\DBAL\\Driver\\PDO\\Exception), 'mysql:host=127....', 'shopypall', 'shopypall', Array)
#4 /home/ec2-user/www/shopypall_base/vendor/laravel/framework/src/Illuminate/Database/Connectors/MySqlConnector.php(24): Illuminate\\Database\\Connectors\\Connector->createConnection('mysql:host=127....', Array, Array)
#5 /home/ec2-user/www/shopypall_base/vendor/laravel/framework/src/Illuminate/Database/Connectors/ConnectionFactory.php(182): Illuminate\\Database\\Connectors\\MySqlConnector->connect(Array)
#6 [internal function]: Illuminate\\Database\\Connectors\\ConnectionFactory->Illuminate\\Database\\Connectors\\{closure}()
#7 /home/ec2-user/www/shopypall_base/vendor/laravel/framework/src/Illuminate/Database/Connection.php(924): call_user_func(Object(Closure))
#8 /home/ec2-user/www/shopypall_base/vendor/laravel/framework/src/Illuminate/Database/Connection.php(906): Illuminate\\Database\\Connection->getPdo()
#9 /home/ec2-user/www/shopypall_base/vendor/laravel/framework/src/Illuminate/Database/Connection.php(892): Illuminate\\Database\\Connection->getDoctrineConnection()
#10 /home/ec2-user/www/shopypall_base/vendor/laravel/framework/src/Illuminate/Database/DatabaseManager.php(349): Illuminate\\Database\\Connection->getDoctrineSchemaManager()
#11 /home/ec2-user/www/shopypall_base/vendor/laravel/framework/src/Illuminate/Support/Facades/Facade.php(261): Illuminate\\Database\\DatabaseManager->__call('getDoctrineSche...', Array)
#12 /home/ec2-user/www/shopypall_base/vendor/joeyrush/better-migrate-seed/src/Commands/GenerateSeedersFromDatabase.php(53): Illuminate\\Support\\Facades\\Facade::__callStatic('getDoctrineSche...', Array)
#13 [internal function]: JoeyRush\\BetterMigrateSeed\\Commands\\GenerateSeedersFromDatabase->__construct()
#14 /home/ec2-user/www/shopypall_base/vendor/laravel/framework/src/Illuminate/Container/Container.php(843): ReflectionClass->newInstanceArgs(Array)
#15 /home/ec2-user/www/shopypall_base/vendor/laravel/framework/src/Illuminate/Container/Container.php(681): Illuminate\\Container\\Container->build('JoeyRush\\\\Better...')
#16 /home/ec2-user/www/shopypall_base/vendor/laravel/framework/src/Illuminate/Foundation/Application.php(785): Illuminate\\Container\\Container->resolve('JoeyRush\\\\Better...', Array, true)
#17 /home/ec2-user/www/shopypall_base/vendor/laravel/framework/src/Illuminate/Container/Container.php(629): Illuminate\\Foundation\\Application->resolve('JoeyRush\\\\Better...', Array)
#18 /home/ec2-user/www/shopypall_base/vendor/laravel/framework/src/Illuminate/Foundation/Application.php(770): Illuminate\\Container\\Container->make('JoeyRush\\\\Better...', Array)
#19 /home/ec2-user/www/shopypall_base/vendor/laravel/framework/src/Illuminate/Console/Application.php(261): Illuminate\\Foundation\\Application->make('JoeyRush\\\\Better...')
#20 /home/ec2-user/www/shopypall_base/vendor/laravel/framework/src/Illuminate/Console/Application.php(275): Illuminate\\Console\\Application->resolve('JoeyRush\\\\Better...')
#21 /home/ec2-user/www/shopypall_base/vendor/laravel/framework/src/Illuminate/Support/ServiceProvider.php(312): Illuminate\\Console\\Application->resolveCommands(Array)
#22 /home/ec2-user/www/shopypall_base/vendor/laravel/framework/src/Illuminate/Console/Application.php(152): Illuminate\\Support\\ServiceProvider->Illuminate\\Support\\{closure}(Object(Illuminate\\Console\\Application))
#23 /home/ec2-user/www/shopypall_base/vendor/laravel/framework/src/Illuminate/Console/Application.php(75): Illuminate\\Console\\Application->bootstrap()
#24 /home/ec2-user/www/shopypall_base/vendor/laravel/framework/src/Illuminate/Foundation/Console/Kernel.php(340): Illuminate\\Console\\Application->__construct(Object(Illuminate\\Foundation\\Application), Object(Illuminate\\Events\\Dispatcher), '6.20.22')
#25 /home/ec2-user/www/shopypall_base/vendor/laravel/framework/src/Illuminate/Foundation/Console/Kernel.php(131): Illuminate\\Foundation\\Console\\Kernel->getArtisan()
#26 /home/ec2-user/www/shopypall_base/artisan(37): Illuminate\\Foundation\\Console\\Kernel->handle(Object(Symfony\\Component\\Console\\Input\\ArgvInput), Object(Symfony\\Component\\Console\\Output\\ConsoleOutput))
#27 {main}
"} 
